0 info it worked if it ends with ok
1 verbose cli [ 'node', '/usr/local/bin/npm', 'publish' ]
2 info using npm@1.4.13
3 info using node@v0.10.28
4 verbose publish [ '.' ]
5 verbose cache add [ '.', null ]
6 verbose cache add name=undefined spec="." args=[".",null]
7 verbose parsed url { protocol: null,
7 verbose parsed url   slashes: null,
7 verbose parsed url   auth: null,
7 verbose parsed url   host: null,
7 verbose parsed url   port: null,
7 verbose parsed url   hostname: null,
7 verbose parsed url   hash: null,
7 verbose parsed url   search: null,
7 verbose parsed url   query: null,
7 verbose parsed url   pathname: '.',
7 verbose parsed url   path: '.',
7 verbose parsed url   href: '.' }
8 silly lockFile 3a52ce78- .
9 verbose lock . /Users/jared/.npm/3a52ce78-.lock
10 verbose tar pack [ '/Users/jared/.npm/alerter/0.0.1/package.tgz', '.' ]
11 verbose tarball /Users/jared/.npm/alerter/0.0.1/package.tgz
12 verbose folder .
13 info prepublish alerter@0.0.1
14 silly lockFile 1f1177db-tar tar://.
15 verbose lock tar://. /Users/jared/.npm/1f1177db-tar.lock
16 silly lockFile b9bb2dba-ed-npm-alerter-0-0-1-package-tgz tar:///Users/jared/.npm/alerter/0.0.1/package.tgz
17 verbose lock tar:///Users/jared/.npm/alerter/0.0.1/package.tgz /Users/jared/.npm/b9bb2dba-ed-npm-alerter-0-0-1-package-tgz.lock
18 silly lockFile 1f1177db-tar tar://.
19 silly lockFile 1f1177db-tar tar://.
20 silly lockFile b9bb2dba-ed-npm-alerter-0-0-1-package-tgz tar:///Users/jared/.npm/alerter/0.0.1/package.tgz
21 silly lockFile b9bb2dba-ed-npm-alerter-0-0-1-package-tgz tar:///Users/jared/.npm/alerter/0.0.1/package.tgz
22 silly lockFile db1e39c7--jared-npm-alerter-0-0-1-package /Users/jared/.npm/alerter/0.0.1/package
23 verbose lock /Users/jared/.npm/alerter/0.0.1/package /Users/jared/.npm/db1e39c7--jared-npm-alerter-0-0-1-package.lock
24 silly lockFile db1e39c7--jared-npm-alerter-0-0-1-package /Users/jared/.npm/alerter/0.0.1/package
25 silly lockFile db1e39c7--jared-npm-alerter-0-0-1-package /Users/jared/.npm/alerter/0.0.1/package
26 silly lockFile 3a52ce78- .
27 silly lockFile 3a52ce78- .
28 silly publish { name: 'alerter',
28 silly publish   version: '0.0.1',
28 silly publish   description: 'General purpose system messages to frontend',
28 silly publish   main: 'alerter.js',
28 silly publish   repository:
28 silly publish    { type: 'git',
28 silly publish      url: 'https://github.com/jaredshaunsmith/alerter.git' },
28 silly publish   author: { name: 'jared s. smith' },
28 silly publish   license: 'BSD-2-Clause',
28 silly publish   bugs: { url: 'https://github.com/jaredshaunsmith/alerter/issues' },
28 silly publish   readme: 'Alerter\n========\n\nGeneral purpose system messages to frontend\n\nDemo page: http://jaredshaunsmith.github.io/alerter/example.html\n\nTo install via npm:\n```\nnpm install alerter --save-dev\n```\n\nIntercom:\n---------\n```javascript\n\n\tnew Alerter({\n    \tmessage: \'Big Time Important Message\', \n        prefix: \'my-class\',\n        trigger: false\n    });\n\n```',
28 silly publish   readmeFilename: 'README.md',
28 silly publish   gitHead: '609afaf97a77eddf67d82a4409811b9a7d4500d0',
28 silly publish   homepage: 'https://github.com/jaredshaunsmith/alerter',
28 silly publish   _id: 'alerter@0.0.1',
28 silly publish   scripts: {},
28 silly publish   _shasum: '899ea5ecc4b22efc814e4e3dcd02c9837931a5b1',
28 silly publish   _from: '.' }
29 verbose url raw alerter
30 verbose url resolving [ 'http://modules.johnmcneilstudio.com/', './alerter' ]
31 verbose url resolved http://modules.johnmcneilstudio.com/alerter
32 info trying registry request attempt 1 at 09:31:59
33 http PUT http://modules.johnmcneilstudio.com/alerter
34 http 409 http://modules.johnmcneilstudio.com/alerter
35 verbose headers { 'x-powered-by': 'Sinopia/1.2.2',
35 verbose headers   'content-type': 'application/json; charset=utf-8',
35 verbose headers   'content-length': '49',
35 verbose headers   vary: 'Accept-Encoding',
35 verbose headers   'x-status-cat': 'http://flic.kr/p/aV6jzz',
35 verbose headers   date: 'Mon, 11 May 2015 16:31:53 GMT',
35 verbose headers   connection: 'keep-alive' }
36 verbose url raw alerter?write=true
37 verbose url resolving [ 'http://modules.johnmcneilstudio.com/',
37 verbose url resolving   './alerter?write=true' ]
38 verbose url resolved http://modules.johnmcneilstudio.com/alerter?write=true
39 info trying registry request attempt 1 at 09:32:00
40 http GET http://modules.johnmcneilstudio.com/alerter?write=true
41 http 403 http://modules.johnmcneilstudio.com/alerter?write=true
42 verbose headers { 'x-powered-by': 'Sinopia/1.2.2',
42 verbose headers   'content-type': 'application/json; charset=utf-8',
42 verbose headers   'content-length': '78',
42 verbose headers   etag: 'W/"4e-2f9a491c"',
42 verbose headers   vary: 'Accept-Encoding',
42 verbose headers   'x-status-cat': 'http://flic.kr/p/aV6jFK',
42 verbose headers   date: 'Mon, 11 May 2015 16:31:53 GMT',
42 verbose headers   connection: 'keep-alive' }
43 error Error: unregistered users are not allowed to access package alerter : alerter
43 error     at RegClient.<anonymous> (/usr/local/lib/node_modules/npm/node_modules/npm-registry-client/lib/request.js:274:14)
43 error     at Request._callback (/usr/local/lib/node_modules/npm/node_modules/npm-registry-client/lib/request.js:212:65)
43 error     at Request.self.callback (/usr/local/lib/node_modules/npm/node_modules/request/request.js:123:22)
43 error     at Request.EventEmitter.emit (events.js:98:17)
43 error     at Request.<anonymous> (/usr/local/lib/node_modules/npm/node_modules/request/request.js:893:14)
43 error     at Request.EventEmitter.emit (events.js:117:20)
43 error     at IncomingMessage.<anonymous> (/usr/local/lib/node_modules/npm/node_modules/request/request.js:844:12)
43 error     at IncomingMessage.EventEmitter.emit (events.js:117:20)
43 error     at _stream_readable.js:919:16
43 error     at process._tickCallback (node.js:419:13)
44 error If you need help, you may report this *entire* log,
44 error including the npm and node versions, at:
44 error     <http://github.com/npm/npm/issues>
45 error System Darwin 14.0.0
46 error command "node" "/usr/local/bin/npm" "publish"
47 error cwd /Users/jared/Sites/github/alerter
48 error node -v v0.10.28
49 error npm -v 1.4.13
50 verbose exit [ 1, true ]
